<?xml version="1.0" encoding="UTF-8"?>
<testsuite xmlns:xsi="http://www.w3.org/2001/XMLSchema-instance" xsi:schemaLocation="https://maven.apache.org/surefire/maven-surefire-plugin/xsd/surefire-test-report.xsd" name="TestSuite" time="41.935" tests="1" errors="0" skipped="0" failures="0">
  <properties>
    <property name="java.runtime.name" value="Java(TM) SE Runtime Environment"/>
    <property name="java.vm.version" value="14.0.2+12-46"/>
    <property name="sun.boot.library.path" value="C:\Program Files\Java\jdk-14.0.2\bin"/>
    <property name="maven.multiModuleProjectDirectory" value="E:\My-Projects\LambdaDemo-main"/>
    <property name="java.vm.vendor" value="Oracle Corporation"/>
    <property name="java.vendor.url" value="https://java.oracle.com/"/>
    <property name="guice.disable.misplaced.annotation.check" value="true"/>
    <property name="path.separator" value=";"/>
    <property name="java.vm.name" value="Java HotSpot(TM) 64-Bit Server VM"/>
    <property name="sun.os.patch.level" value=""/>
    <property name="user.script" value=""/>
    <property name="user.country" value="IN"/>
    <property name="sun.java.launcher" value="SUN_STANDARD"/>
    <property name="java.vm.specification.name" value="Java Virtual Machine Specification"/>
    <property name="user.dir" value="E:\My-Projects\LambdaDemo-main"/>
    <property name="java.vm.compressedOopsMode" value="Zero based"/>
    <property name="java.runtime.version" value="14.0.2+12-46"/>
    <property name="os.arch" value="amd64"/>
    <property name="java.io.tmpdir" value="C:\Users\LENOVO~1\AppData\Local\Temp\"/>
    <property name="line.separator" value="&#10;"/>
    <property name="java.vm.specification.vendor" value="Oracle Corporation"/>
    <property name="user.variant" value=""/>
    <property name="os.name" value="Windows 10"/>
    <property name="suiteXmlFile" value="src/main/java/desktop.xml"/>
    <property name="https.protocols" value="TLSv1.2"/>
    <property name="classworlds.conf" value="E:\Desktop data\mvn\apache-maven-3.6.0\bin\..\bin\m2.conf"/>
    <property name="sun.jnu.encoding" value="Cp1252"/>
    <property name="java.library.path" value="C:\Program Files\Java\jdk-14.0.2\bin;C:\Windows\Sun\Java\bin;C:\Windows\system32;C:\Windows;C:\Users\LenovoE14\AppData\Local\Programs\Python\Python39\Scripts\;C:\Users\LenovoE14\AppData\Local\Programs\Python\Python39\;C:\Python39\Scripts\;C:\Python39\;C:\Program Files\Java\jdk-14.0.2;C:\Program Files (x86)\Common Files\Oracle\Java\javapath;C:\Windows\system32;C:\Windows;C:\Windows\System32\Wbem;C:\Windows\System32\WindowsPowerShell\v1.0\;C:\Windows\System32\OpenSSH\;C:\Program Files\WindowsPowerShell\Scripts;C:\ProgramData\chocolatey\bin;C:\Program Files\Git\cmd;C:\Program Files\Git\mingw64\bin;C:\Program Files\Git\usr\bin;C:\Program Files\PuTTY\;E:\Desktop data\mvn\apache-maven-3.6.0\bin;C:\composer;C:\Program Files\dotnet\;C:\Program Files (x86)\dotnet\;C:\Program Files (x86)\GnuWin32\bin;D:\apache-maven-3.6.3\bin;C:\Program Files (x86)\NUnit.org\nunit-console;C:\Program Files (x86)\Yarn\bin\;C:\Program Files (x86)\Gow\bin;C:\Users\LenovoE14\AppData\Roaming\Composer\vendor\bin;C:\Users\LenovoE14\AppData\Roaming\Composer;C:\Program Files\Gauge\bin;C:\Users\LenovoE14\AppData\Local\Packages\PythonSoftwareFoundation.Python.3.9_qbz5n2kfra8p0\LocalCache\local-packages\Python39\Scripts;C:\Program Files\nodejs\;C:\Program Files\Microsoft SQL Server\130\Tools\Binn\;C:\Program Files\Microsoft SQL Server\Client SDK\ODBC\170\Tools\Binn\;C:\Program Files\Amazon\AWSCLIV2\;C:\Ruby27-x64\bin;C:\Program Files\Docker\Docker\resources\bin;C:\ProgramData\DockerDesktop\version-bin;C:\Windows\Microsoft.NET\Framework64\v2.0.50727;D:\Testng;C:\Ruby24-x64\bin;C:\Users\LenovoE14\.windows-build-tools\python27\;C:\Users\LenovoE14\.windows-build-tools\python27\;C:\Users\LenovoE14\.windows-build-tools\python27\;C:\Users\LenovoE14\AppData\Local\Microsoft\WindowsApps;C:\Program Files\JetBrains\IntelliJ IDEA Community Edition 2020.2\bin;C:\Users\LenovoE14\AppData\Local\Programs\Microsoft VS Code\bin;C:\xampp\php;C:\Program Files\JetBrains\PyCharm Community Edition 2020.2.1\bin;C:\Users\LenovoE14\AppData\Roaming\Composer\vendor\bin;C:\Users\LenovoE14\.dotnet\tools;C:\Python38;C:\Users\LenovoE14\AppData\Local\GitHubDesktop\bin;C:\Users\LenovoE14\AppData\Local\Yarn\bin;C:\Users\LenovoE14\AppData\Roaming\Composer\vendor\bin;;C:\Program Files\JetBrains\PyCharm Community Edition 2020.3.3\bin;;C:\Users\LenovoE14\AppData\Roaming\npm;C:\Users\LenovoE14\.dotnet\tools;."/>
    <property name="maven.conf" value="E:\Desktop data\mvn\apache-maven-3.6.0\bin\../conf"/>
    <property name="jdk.debug" value="release"/>
    <property name="java.class.version" value="58.0"/>
    <property name="java.specification.name" value="Java Platform API Specification"/>
    <property name="sun.management.compiler" value="HotSpot 64-Bit Tiered Compilers"/>
    <property name="os.version" value="10.0"/>
    <property name="library.jansi.path" value="E:\Desktop data\mvn\apache-maven-3.6.0\bin\..\lib\jansi-native"/>
    <property name="user.home" value="C:\Users\LenovoE14"/>
    <property name="user.timezone" value="Asia/Calcutta"/>
    <property name="file.encoding" value="Cp1252"/>
    <property name="java.specification.version" value="14"/>
    <property name="user.name" value="LenovoE14"/>
    <property name="java.class.path" value="E:\Desktop data\mvn\apache-maven-3.6.0\bin\..\boot\plexus-classworlds-2.5.2.jar"/>
    <property name="java.vm.specification.version" value="14"/>
    <property name="sun.arch.data.model" value="64"/>
    <property name="sun.java.command" value="org.codehaus.plexus.classworlds.launcher.Launcher test -DsuiteXmlFile=src/main/java/desktop.xml -Dhttps.protocols=TLSv1.2"/>
    <property name="java.home" value="C:\Program Files\Java\jdk-14.0.2"/>
    <property name="user.language" value="en"/>
    <property name="java.specification.vendor" value="Oracle Corporation"/>
    <property name="java.vm.info" value="mixed mode, sharing"/>
    <property name="java.version" value="14.0.2"/>
    <property name="java.vendor" value="Oracle Corporation"/>
    <property name="sun.stderr.encoding" value="cp437"/>
    <property name="maven.home" value="E:\Desktop data\mvn\apache-maven-3.6.0\bin\.."/>
    <property name="file.separator" value="\"/>
    <property name="java.version.date" value="2020-07-14"/>
    <property name="java.vendor.url.bug" value="https://bugreport.java.com/bugreport/"/>
    <property name="sun.io.unicode.encoding" value="UnicodeLittle"/>
    <property name="sun.cpu.endian" value="little"/>
    <property name="sun.stdout.encoding" value="cp437"/>
    <property name="sun.cpu.isalist" value="amd64"/>
  </properties>
  <testcase name="DesktopScript" classname="demoDesktop" time="32.538"/>
</testsuite>