<?xml version="1.0" encoding="UTF-8"?>
<!-- Generated by org.testng.reporters.JUnitReportReporter -->
<testsuite hostname="DESKTOP-GNDD2VC" failures="0" tests="1" name="demoDesktop" time="32.538" errors="0" timestamp="01 Sep 2021 21:11:21 GMT" skipped="0">
  <testcase classname="demoDesktop" name="DesktopScript" time="32.538"/>
</testsuite> <!-- demoDesktop -->
